<?xml version="1.0" encoding="UTF-8"?>
<!-- Generated by org.testng.reporters.JUnitReportReporter -->
<testsuite hostname="User" failures="0" tests="7" name="com.rupeek.tests.ToAuthenticate" time="8.877" errors="0" timestamp="27 Apr 2020 14:07:09 GMT">
  <testcase classname="com.rupeek.tests.ToAuthenticate" name="invalidJSONBody1" time="4.483"/>
  <testcase classname="com.rupeek.tests.ToAuthenticate" name="invalidJSONBody3" time="0.614"/>
  <testcase classname="com.rupeek.tests.ToAuthenticate" name="invalidJSONBody4" time="1.395"/>
  <testcase classname="com.rupeek.tests.ToAuthenticate" name="invalidJSONBody5" time="0.629"/>
  <testcase classname="com.rupeek.tests.ToAuthenticate" name="validJSONBody" time="0.634"/>
  <testcase classname="com.rupeek.tests.ToAuthenticate" name="invalidJSONBody6" time="0.560"/>
  <testcase classname="com.rupeek.tests.ToAuthenticate" name="invalidJSONBody2" time="0.562"/>
</testsuite> <!-- com.rupeek.tests.ToAuthenticate -->
