<?xml version="1.0" encoding="UTF-8"?>
<!-- Generated by org.testng.reporters.JUnitReportReporter -->
<testsuite hostname="User" failures="0" tests="1" name="com.rupeek.tests.GetAllRecords" time="0.534" errors="0" timestamp="27 Apr 2020 14:07:09 GMT">
  <testcase classname="com.rupeek.tests.GetAllRecords" name="getReourceWithValidData" time="0.534"/>
</testsuite> <!-- com.rupeek.tests.GetAllRecords -->
