<?xml version="1.0" encoding="UTF-8"?>
<!-- Generated by org.testng.reporters.JUnitReportReporter -->
<testsuite hostname="User" failures="0" tests="4" name="com.rupeek.tests.GetSingleRecord" time="5.376" errors="0" timestamp="27 Apr 2020 14:07:09 GMT">
  <testcase classname="com.rupeek.tests.GetSingleRecord" name="getSingleRecordWithInvalid1" time="0.719"/>
  <testcase classname="com.rupeek.tests.GetSingleRecord" name="getSingleRecordWithInvalidPhone" time="0.596"/>
  <testcase classname="com.rupeek.tests.GetSingleRecord" name="getSingleRecordWithValidPhone" time="2.947"/>
  <testcase classname="com.rupeek.tests.GetSingleRecord" name="getSingleRecordWithInvalid2" time="1.114"/>
</testsuite> <!-- com.rupeek.tests.GetSingleRecord -->
